#
# There is insufficient memory for the Java Runtime Environment to continue.
# Native memory allocation (malloc) failed to allocate 158736 bytes for Chunk::new
# Possible reasons:
#   The system is out of physical RAM or swap space
#   In 32 bit mode, the process size limit was hit
# Possible solutions:
#   Reduce memory load on the system
#   Increase physical memory or swap space
#   Check if swap backing store is full
#   Use 64 bit Java on a 64 bit OS
#   Decrease Java heap size (-Xmx/-Xms)
#   Decrease number of Java threads
#   Decrease Java thread stack sizes (-Xss)
#   Set larger code cache with -XX:ReservedCodeCacheSize=
# This output file may be truncated or incomplete.
#
#  Out of Memory Error (allocation.cpp:390), pid=3924, tid=0x000000000000102c
#
# JRE version: Java(TM) SE Runtime Environment (8.0_101-b13) (build 1.8.0_101-b13)
# Java VM: Java HotSpot(TM) 64-Bit Server VM (25.101-b13 mixed mode windows-amd64 compressed oops)
# Failed to write core dump. Minidumps are not enabled by default on client versions of Windows
#

---------------  T H R E A D  ---------------

Current thread (0x0000000019f60000):  JavaThread "C2 CompilerThread1" daemon [_thread_in_native, id=4140, stack(0x000000001a8a0000,0x000000001a9a0000)]

Stack: [0x000000001a8a0000,0x000000001a9a0000]
[error occurred during error reporting (printing stack bounds), id 0xc0000005]

Native frames: (J=compiled Java code, j=interpreted, Vv=VM code, C=native code)


Current CompileTask:
C2:  15248 5127       4       java.net.URLStreamHandler::parseURL (1158 bytes)


---------------  P R O C E S S  ---------------

Java Threads: ( => current thread )
  0x000000001e0f5000 JavaThread "Okio Watchdog" daemon [_thread_blocked, id=7552, stack(0x0000000024440000,0x0000000024540000)]
  0x000000001e0f8000 JavaThread "OkHttp ConnectionPool" daemon [_thread_blocked, id=8672, stack(0x0000000024340000,0x0000000024440000)]
  0x000000001e0f5800 JavaThread "Exec Stream Pumper" daemon [_thread_in_native, id=9436, stack(0x0000000023f40000,0x0000000024040000)]
  0x000000001e0f7000 JavaThread "Exec Stream Pumper" daemon [_thread_in_native, id=10984, stack(0x0000000023e40000,0x0000000023f40000)]
  0x000000001e0f1000 JavaThread "Exec Stream Pumper" daemon [_thread_in_native, id=8540, stack(0x0000000023d40000,0x0000000023e40000)]
  0x000000001e0f4000 JavaThread "Exec Stream Pumper" daemon [_thread_in_native, id=10284, stack(0x0000000023c40000,0x0000000023d40000)]
  0x000000001e0f3800 JavaThread "Exec Stream Pumper" daemon [_thread_in_native, id=11104, stack(0x0000000023b40000,0x0000000023c40000)]
  0x000000001e0ef800 JavaThread "Exec Stream Pumper" daemon [_thread_in_native, id=7996, stack(0x0000000023a40000,0x0000000023b40000)]
  0x000000001e0f0800 JavaThread "Exec Stream Pumper" daemon [_thread_in_native, id=8428, stack(0x0000000023840000,0x0000000023940000)]
  0x000000001e0f2000 JavaThread "Exec Stream Pumper" daemon [_thread_in_native, id=2336, stack(0x0000000023740000,0x0000000023840000)]
  0x000000001e0f2800 JavaThread "Exec Stream Pumper" daemon [_thread_in_native, id=6416, stack(0x0000000023640000,0x0000000023740000)]
  0x000000001e0ec000 JavaThread "Exec Stream Pumper" daemon [_thread_in_native, id=10088, stack(0x0000000023540000,0x0000000023640000)]
  0x000000001e0ef000 JavaThread "UrlChecker-5" daemon [_thread_blocked, id=11068, stack(0x0000000023440000,0x0000000023540000)]
  0x000000001e0eb000 JavaThread "UrlChecker-6" daemon [_thread_blocked, id=6052, stack(0x0000000023340000,0x0000000023440000)]
  0x000000001e0ee000 JavaThread "UrlChecker-3" daemon [_thread_blocked, id=6872, stack(0x0000000023240000,0x0000000023340000)]
  0x000000001e0ed800 JavaThread "UrlChecker-4" daemon [_thread_blocked, id=5296, stack(0x0000000023140000,0x0000000023240000)]
  0x000000001e0ec800 JavaThread "UrlChecker-2" daemon [_thread_blocked, id=11176, stack(0x0000000023040000,0x0000000023140000)]
  0x000000001e0ea800 JavaThread "Exec Default Executor" daemon [_thread_in_native, id=10852, stack(0x0000000022f40000,0x0000000023040000)]
  0x000000001b075000 JavaThread "Exec Default Executor" daemon [_thread_in_native, id=3672, stack(0x0000000022e40000,0x0000000022f40000)]
  0x000000001b073800 JavaThread "Exec Default Executor" daemon [_thread_in_native, id=5760, stack(0x0000000022d40000,0x0000000022e40000)]
  0x000000001b072000 JavaThread "Exec Default Executor" daemon [_thread_in_native, id=6236, stack(0x0000000022c40000,0x0000000022d40000)]
  0x000000001b074800 JavaThread "Exec Default Executor" daemon [_thread_in_native, id=8816, stack(0x0000000022b40000,0x0000000022c40000)]
  0x000000001b06f000 JavaThread "Forwarding newSession on session null to remote" daemon [_thread_in_native, id=8856, stack(0x0000000022160000,0x0000000022260000)]
  0x000000001b071800 JavaThread "Forwarding newSession on session null to remote" daemon [_thread_in_native, id=9464, stack(0x0000000022060000,0x0000000022160000)]
  0x000000001b070800 JavaThread "Forwarding get on session 75b4c8aed8683a5a3ae4617c7bf8f8c2 to remote" daemon [_thread_in_native, id=9520, stack(0x0000000021f60000,0x0000000022060000)]
  0x000000001d67a800 JavaThread "Forwarding newSession on session null to remote" daemon [_thread_in_native, id=9976, stack(0x0000000021e60000,0x0000000021f60000)]
  0x000000001f8f1800 JavaThread "Forwarding newSession on session null to remote" daemon [_thread_in_native, id=5552, stack(0x0000000021a50000,0x0000000021b50000)]
  0x000000001beca000 JavaThread "pool-1-thread-1" daemon [_thread_blocked, id=10368, stack(0x00000000208e0000,0x00000000209e0000)]
  0x0000000020131800 JavaThread "resolver-5" daemon [_thread_blocked, id=1944, stack(0x0000000020580000,0x0000000020680000)]
  0x000000001dd78000 JavaThread "resolver-4" daemon [_thread_blocked, id=9344, stack(0x0000000020480000,0x0000000020580000)]
  0x000000001d8a6800 JavaThread "resolver-3" daemon [_thread_blocked, id=10448, stack(0x0000000020380000,0x0000000020480000)]
  0x000000001fbbc000 JavaThread "resolver-2" daemon [_thread_blocked, id=9960, stack(0x000000001f010000,0x000000001f110000)]
  0x000000001fe35800 JavaThread "resolver-1" daemon [_thread_blocked, id=9948, stack(0x000000001ef10000,0x000000001f010000)]
  0x000000001a004000 JavaThread "Service Thread" daemon [_thread_blocked, id=9172, stack(0x000000001aba0000,0x000000001aca0000)]
  0x0000000019f74000 JavaThread "C1 CompilerThread3" daemon [_thread_blocked, id=9500, stack(0x000000001aaa0000,0x000000001aba0000)]
  0x0000000019f63000 JavaThread "C2 CompilerThread2" daemon [_thread_in_native, id=9404, stack(0x000000001a9a0000,0x000000001aaa0000)]
=>0x0000000019f60000 JavaThread "C2 CompilerThread1" daemon [_thread_in_native, id=4140, stack(0x000000001a8a0000,0x000000001a9a0000)]
  0x0000000019f5e800 JavaThread "C2 CompilerThread0" daemon [_thread_in_native, id=4448, stack(0x000000001a7a0000,0x000000001a8a0000)]
  0x0000000019f5b800 JavaThread "Monitor Ctrl-Break" daemon [_thread_in_native, id=6300, stack(0x000000001a6a0000,0x000000001a7a0000)]
  0x0000000019ee8800 JavaThread "Attach Listener" daemon [_thread_blocked, id=1356, stack(0x000000001a5a0000,0x000000001a6a0000)]
  0x0000000019ee7000 JavaThread "Signal Dispatcher" daemon [_thread_blocked, id=10236, stack(0x000000001a4a0000,0x000000001a5a0000)]
  0x0000000019ee0800 JavaThread "Finalizer" daemon [_thread_blocked, id=7196, stack(0x000000001a2c0000,0x000000001a3c0000)]
  0x0000000017fdd000 JavaThread "Reference Handler" daemon [_thread_blocked, id=9964, stack(0x0000000019dc0000,0x0000000019ec0000)]
  0x0000000002e1e000 JavaThread "main" [_thread_blocked, id=5628, stack(0x0000000002c60000,0x0000000002d60000)]

Other Threads:
  0x0000000017fd9000 VMThread [stack: 0x0000000019cc0000,0x0000000019dc0000] [id=6492]
  0x000000001a017800 WatcherThread [stack: 0x000000001aca0000,0x000000001ada0000] [id=11016]

VM state:not at safepoint (normal execution)

VM Mutex/Monitor currently owned by a thread: None

Heap:
 PSYoungGen      total 203776K, used 22046K [0x00000000d5c00000, 0x00000000e3480000, 0x0000000100000000)
  eden space 193024K, 11% used [0x00000000d5c00000,0x00000000d71879e0,0x00000000e1880000)
  from space 10752K, 0% used [0x00000000e2a00000,0x00000000e2a00000,0x00000000e3480000)
  to   space 13312K, 0% used [0x00000000e1a80000,0x00000000e1a80000,0x00000000e2780000)
 ParOldGen       total 108032K, used 24250K [0x0000000081400000, 0x0000000087d80000, 0x00000000d5c00000)
  object space 108032K, 22% used [0x0000000081400000,0x0000000082baea18,0x0000000087d80000)
 Metaspace       used 35451K, capacity 36663K, committed 37288K, reserved 1081344K
  class space    used 4413K, capacity 4802K, committed 4992K, reserved 1048576K

Card table byte_map: [0x00000000123e0000,0x00000000127e0000] byte_map_base: 0x0000000011fd6000

Marking Bits: (ParMarkBitMap*) 0x0000000052e5a6d0
 Begin Bits: [0x0000000013290000, 0x0000000015240000)
 End Bits:   [0x0000000015240000, 0x00000000171f0000)

Polling page: 0x0000000000ec0000

CodeCache: size=245760Kb used=14853Kb max_used=15883Kb free=230907Kb
 bounds [0x0000000003020000, 0x0000000003fb0000, 0x0000000012020000]
 total_blobs=4876 nmethods=4431 adapters=357
 compilation: enabled

Compilation events (10 events):
Event: 10.205 Thread 0x0000000019f74000 5172       3       java.lang.Class::privateGetMethodRecursive (130 bytes)
Event: 10.206 Thread 0x0000000019f74000 nmethod 5172 0x0000000003b06410 code [0x0000000003b06620, 0x0000000003b06ed8]
Event: 10.206 Thread 0x0000000019f74000 5170       3       sun.misc.ProxyGenerator::access$1700 (7 bytes)
Event: 10.206 Thread 0x0000000019f74000 nmethod 5170 0x00000000035c94d0 code [0x00000000035c9640, 0x00000000035c97a8]
Event: 10.208 Thread 0x0000000019f74000 5174       3       java.io.StringWriter::write (17 bytes)
Event: 10.208 Thread 0x0000000019f74000 nmethod 5174 0x0000000003449c10 code [0x0000000003449da0, 0x000000000344a278]
Event: 10.208 Thread 0x0000000019f74000 5176       3       java.util.stream.StreamOpFlag::combineOpFlags (9 bytes)
Event: 10.208 Thread 0x0000000019f74000 nmethod 5176 0x00000000034497d0 code [0x0000000003449940, 0x0000000003449b50]
Event: 10.208 Thread 0x0000000019f74000 5175       3       com.google.common.collect.ImmutableCollection::<init> (5 bytes)
Event: 10.208 Thread 0x0000000019f74000 nmethod 5175 0x0000000003449350 code [0x00000000034494c0, 0x00000000034496d0]

GC Heap History (10 events):
Event: 2.873 GC heap before
{Heap before GC invocations=6 (full 0):
 PSYoungGen      total 71680K, used 21897K [0x00000000d5c00000, 0x00000000df300000, 0x0000000100000000)
  eden space 66560K, 25% used [0x00000000d5c00000,0x00000000d6c664d8,0x00000000d9d00000)
  from space 5120K, 99% used [0x00000000d9d00000,0x00000000da1fc050,0x00000000da200000)
  to   space 10752K, 0% used [0x00000000de880000,0x00000000de880000,0x00000000df300000)
 ParOldGen       total 87552K, used 10944K [0x0000000081400000, 0x0000000086980000, 0x00000000d5c00000)
  object space 87552K, 12% used [0x0000000081400000,0x0000000081eb0300,0x0000000086980000)
 Metaspace       used 20846K, capacity 21160K, committed 21296K, reserved 1069056K
  class space    used 2528K, capacity 2644K, committed 2688K, reserved 1048576K
Event: 2.887 GC heap after
Heap after GC invocations=6 (full 0):
 PSYoungGen      total 141824K, used 10740K [0x00000000d5c00000, 0x00000000df700000, 0x0000000100000000)
  eden space 131072K, 0% used [0x00000000d5c00000,0x00000000d5c00000,0x00000000ddc00000)
  from space 10752K, 99% used [0x00000000de880000,0x00000000df2fd288,0x00000000df300000)
  to   space 12800K, 0% used [0x00000000ddc00000,0x00000000ddc00000,0x00000000de880000)
 ParOldGen       total 87552K, used 12429K [0x0000000081400000, 0x0000000086980000, 0x00000000d5c00000)
  object space 87552K, 14% used [0x0000000081400000,0x0000000082023700,0x0000000086980000)
 Metaspace       used 20846K, capacity 21160K, committed 21296K, reserved 1069056K
  class space    used 2528K, capacity 2644K, committed 2688K, reserved 1048576K
}
Event: 2.887 GC heap before
{Heap before GC invocations=7 (full 1):
 PSYoungGen      total 141824K, used 10740K [0x00000000d5c00000, 0x00000000df700000, 0x0000000100000000)
  eden space 131072K, 0% used [0x00000000d5c00000,0x00000000d5c00000,0x00000000ddc00000)
  from space 10752K, 99% used [0x00000000de880000,0x00000000df2fd288,0x00000000df300000)
  to   space 12800K, 0% used [0x00000000ddc00000,0x00000000ddc00000,0x00000000de880000)
 ParOldGen       total 87552K, used 12429K [0x0000000081400000, 0x0000000086980000, 0x00000000d5c00000)
  object space 87552K, 14% used [0x0000000081400000,0x0000000082023700,0x0000000086980000)
 Metaspace       used 20846K, capacity 21160K, committed 21296K, reserved 1069056K
  class space    used 2528K, capacity 2644K, committed 2688K, reserved 1048576K
Event: 2.943 GC heap after
Heap after GC invocations=7 (full 1):
 PSYoungGen      total 141824K, used 0K [0x00000000d5c00000, 0x00000000df700000, 0x0000000100000000)
  eden space 131072K, 0% used [0x00000000d5c00000,0x00000000d5c00000,0x00000000ddc00000)
  from space 10752K, 0% used [0x00000000de880000,0x00000000de880000,0x00000000df300000)
  to   space 12800K, 0% used [0x00000000ddc00000,0x00000000ddc00000,0x00000000de880000)
 ParOldGen       total 70144K, used 17055K [0x0000000081400000, 0x0000000085880000, 0x00000000d5c00000)
  object space 70144K, 24% used [0x0000000081400000,0x00000000824a7c78,0x0000000085880000)
 Metaspace       used 20846K, capacity 21160K, committed 21296K, reserved 1069056K
  class space    used 2528K, capacity 2644K, committed 2688K, reserved 1048576K
}
Event: 4.423 GC heap before
{Heap before GC invocations=8 (full 1):
 PSYoungGen      total 141824K, used 131072K [0x00000000d5c00000, 0x00000000df700000, 0x0000000100000000)
  eden space 131072K, 100% used [0x00000000d5c00000,0x00000000ddc00000,0x00000000ddc00000)
  from space 10752K, 0% used [0x00000000de880000,0x00000000de880000,0x00000000df300000)
  to   space 12800K, 0% used [0x00000000ddc00000,0x00000000ddc00000,0x00000000de880000)
 ParOldGen       total 70144K, used 17055K [0x0000000081400000, 0x0000000085880000, 0x00000000d5c00000)
  object space 70144K, 24% used [0x0000000081400000,0x00000000824a7c78,0x0000000085880000)
 Metaspace       used 29643K, capacity 30564K, committed 30848K, reserved 1077248K
  class space    used 3631K, capacity 3925K, committed 3968K, reserved 1048576K
Event: 4.430 GC heap after
Heap after GC invocations=8 (full 1):
 PSYoungGen      total 143872K, used 8991K [0x00000000d5c00000, 0x00000000e3680000, 0x0000000100000000)
  eden space 131072K, 0% used [0x00000000d5c00000,0x00000000d5c00000,0x00000000ddc00000)
  from space 12800K, 70% used [0x00000000ddc00000,0x00000000de4c7da8,0x00000000de880000)
  to   space 12800K, 0% used [0x00000000e2a00000,0x00000000e2a00000,0x00000000e3680000)
 ParOldGen       total 70144K, used 17063K [0x0000000081400000, 0x0000000085880000, 0x00000000d5c00000)
  object space 70144K, 24% used [0x0000000081400000,0x00000000824a9c78,0x0000000085880000)
 Metaspace       used 29643K, capacity 30564K, committed 30848K, reserved 1077248K
  class space    used 3631K, capacity 3925K, committed 3968K, reserved 1048576K
}
Event: 5.226 GC heap before
{Heap before GC invocations=9 (full 1):
 PSYoungGen      total 143872K, used 68732K [0x00000000d5c00000, 0x00000000e3680000, 0x0000000100000000)
  eden space 131072K, 45% used [0x00000000d5c00000,0x00000000d96574e8,0x00000000ddc00000)
  from space 12800K, 70% used [0x00000000ddc00000,0x00000000de4c7da8,0x00000000de880000)
  to   space 12800K, 0% used [0x00000000e2a00000,0x00000000e2a00000,0x00000000e3680000)
 ParOldGen       total 70144K, used 17063K [0x0000000081400000, 0x0000000085880000, 0x00000000d5c00000)
  object space 70144K, 24% used [0x0000000081400000,0x00000000824a9c78,0x0000000085880000)
 Metaspace       used 34029K, capacity 35473K, committed 35496K, reserved 1081344K
  class space    used 4278K, capacity 4736K, committed 4736K, reserved 1048576K
Event: 5.234 GC heap after
Heap after GC invocations=9 (full 1):
 PSYoungGen      total 203776K, used 10427K [0x00000000d5c00000, 0x00000000e3480000, 0x0000000100000000)
  eden space 193024K, 0% used [0x00000000d5c00000,0x00000000d5c00000,0x00000000e1880000)
  from space 10752K, 96% used [0x00000000e2a00000,0x00000000e342eec8,0x00000000e3480000)
  to   space 13312K, 0% used [0x00000000e1a80000,0x00000000e1a80000,0x00000000e2780000)
 ParOldGen       total 70144K, used 17071K [0x0000000081400000, 0x0000000085880000, 0x00000000d5c00000)
  object space 70144K, 24% used [0x0000000081400000,0x00000000824abc78,0x0000000085880000)
 Metaspace       used 34029K, capacity 35473K, committed 35496K, reserved 1081344K
  class space    used 4278K, capacity 4736K, committed 4736K, reserved 1048576K
}
Event: 5.234 GC heap before
{Heap before GC invocations=10 (full 2):
 PSYoungGen      total 203776K, used 10427K [0x00000000d5c00000, 0x00000000e3480000, 0x0000000100000000)
  eden space 193024K, 0% used [0x00000000d5c00000,0x00000000d5c00000,0x00000000e1880000)
  from space 10752K, 96% used [0x00000000e2a00000,0x00000000e342eec8,0x00000000e3480000)
  to   space 13312K, 0% used [0x00000000e1a80000,0x00000000e1a80000,0x00000000e2780000)
 ParOldGen       total 70144K, used 17071K [0x0000000081400000, 0x0000000085880000, 0x00000000d5c00000)
  object space 70144K, 24% used [0x0000000081400000,0x00000000824abc78,0x0000000085880000)
 Metaspace       used 34029K, capacity 35473K, committed 35496K, reserved 1081344K
  class space    used 4278K, capacity 4736K, committed 4736K, reserved 1048576K
Event: 5.326 GC heap after
Heap after GC invocations=10 (full 2):
 PSYoungGen      total 203776K, used 0K [0x00000000d5c00000, 0x00000000e3480000, 0x0000000100000000)
  eden space 193024K, 0% used [0x00000000d5c00000,0x00000000d5c00000,0x00000000e1880000)
  from space 10752K, 0% used [0x00000000e2a00000,0x00000000e2a00000,0x00000000e3480000)
  to   space 13312K, 0% used [0x00000000e1a80000,0x00000000e1a80000,0x00000000e2780000)
 ParOldGen       total 108032K, used 24250K [0x0000000081400000, 0x0000000087d80000, 0x00000000d5c00000)
  object space 108032K, 22% used [0x0000000081400000,0x0000000082baea18,0x0000000087d80000)
 Metaspace       used 33285K, capacity 34063K, committed 35496K, reserved 1081344K
  class space    used 4018K, capacity 4287K, committed 4736K, reserved 1048576K
}

Deoptimization events (10 events):
Event: 5.180 Thread 0x000000001d67a800 Uncommon trap: reason=bimorphic action=maybe_recompile pc=0x0000000003251d70 method=java.util.Collections$UnmodifiableMap$UnmodifiableEntrySet$UnmodifiableEntry.getValue()Ljava/lang/Object; @ 4
Event: 5.180 Thread 0x000000001b06f000 Uncommon trap: reason=bimorphic action=maybe_recompile pc=0x0000000003251d70 method=java.util.Collections$UnmodifiableMap$UnmodifiableEntrySet$UnmodifiableEntry.getValue()Ljava/lang/Object; @ 4
Event: 10.120 Thread 0x000000001b070800 Uncommon trap: reason=class_check action=maybe_recompile pc=0x000000000356ff80 method=java.io.InputStream.read([B)I @ 5
Event: 10.120 Thread 0x000000001b070800 Uncommon trap: reason=class_check action=maybe_recompile pc=0x000000000356ff80 method=java.io.InputStream.read([B)I @ 5
Event: 10.169 Thread 0x000000001b070800 Uncommon trap: reason=class_check action=maybe_recompile pc=0x0000000003b361b8 method=java.net.URLClassLoader.defineClass(Ljava/lang/String;Lsun/misc/Resource;)Ljava/lang/Class; @ 13
Event: 10.169 Thread 0x000000001b070800 Uncommon trap: reason=class_check action=maybe_recompile pc=0x0000000003b361b8 method=java.net.URLClassLoader.defineClass(Ljava/lang/String;Lsun/misc/Resource;)Ljava/lang/Class; @ 13
Event: 10.170 Thread 0x000000001b070800 Uncommon trap: reason=class_check action=maybe_recompile pc=0x0000000003b70bbc method=java.net.URLClassLoader.defineClass(Ljava/lang/String;Lsun/misc/Resource;)Ljava/lang/Class; @ 13
Event: 10.185 Thread 0x000000001b070800 Uncommon trap: reason=class_check action=maybe_recompile pc=0x0000000003a36ca4 method=java.lang.reflect.Field.getAnnotation(Ljava/lang/Class;)Ljava/lang/annotation/Annotation; @ 19
Event: 10.208 Thread 0x000000001b070800 Uncommon trap: reason=class_check action=maybe_recompile pc=0x000000000356ff80 method=java.io.InputStream.read([B)I @ 5
Event: 10.208 Thread 0x000000001b070800 Uncommon trap: reason=class_check action=maybe_recompile pc=0x000000000356ff80 method=java.io.InputStream.read([B)I @ 5

Internal exceptions (10 events):
Event: 4.456 Thread 0x000000001b071800 Implicit null exception at 0x0000000003f7937c to 0x0000000003f7c5d5
Event: 4.456 Thread 0x000000001d67a800 Implicit null exception at 0x0000000003f7937c to 0x0000000003f7c5d5
Event: 5.116 Thread 0x000000001e0eb000 Exception <a 'java/net/SocketTimeoutException': connect timed out> (0x00000000d814e2a8) thrown at [C:\re\workspace\8-2-build-windows-amd64-cygwin\jdk8u101\7261\hotspot\src\share\vm\prims\jni.cpp, line 735]
Event: 5.116 Thread 0x000000001e0ef000 Exception <a 'java/net/SocketTimeoutException': connect timed out> (0x00000000d81a4050) thrown at [C:\re\workspace\8-2-build-windows-amd64-cygwin\jdk8u101\7261\hotspot\src\share\vm\prims\jni.cpp, line 735]
Event: 5.116 Thread 0x000000001e0ed800 Exception <a 'java/net/SocketTimeoutException': connect timed out> (0x00000000d82f5630) thrown at [C:\re\workspace\8-2-build-windows-amd64-cygwin\jdk8u101\7261\hotspot\src\share\vm\prims\jni.cpp, line 735]
Event: 5.116 Thread 0x000000001e0ec800 Exception <a 'java/net/SocketTimeoutException': connect timed out> (0x00000000d827f588) thrown at [C:\re\workspace\8-2-build-windows-amd64-cygwin\jdk8u101\7261\hotspot\src\share\vm\prims\jni.cpp, line 735]
Event: 5.116 Thread 0x000000001e0ee000 Exception <a 'java/net/SocketTimeoutException': connect timed out> (0x00000000d8211f80) thrown at [C:\re\workspace\8-2-build-windows-amd64-cygwin\jdk8u101\7261\hotspot\src\share\vm\prims\jni.cpp, line 735]
Event: 5.179 Thread 0x000000001b071800 Exception <a 'java/lang/IncompatibleClassChangeError': Found class java.lang.Object, but interface was expected> (0x00000000d8ddc640) thrown at [C:\re\workspace\8-2-build-windows-amd64-cygwin\jdk8u101\7261\hotspot\src\share\vm\interpreter\linkResolver.cpp,|P=ё@
Event: 5.180 Thread 0x000000001b071800 Exception <a 'java/lang/NoSuchMethodError': java.lang.Object.lambda$or$2(Ljava/util/function/Predicate;Ljava/lang/Object;)Z> (0x00000000d8ed3298) thrown at [C:\re\workspace\8-2-build-windows-amd64-cygwin\jdk8u101\7261\hotspot\src\share\vm\interpreter\linkRhmtСj$@
Event: 10.209 Thread 0x000000001b070800 Exception <a 'java/net/SocketTimeoutException': Read timed out> (0x00000000d7158fd8) thrown at [C:\re\workspace\8-2-build-windows-amd64-cygwin\jdk8u101\7261\hotspot\src\share\vm\prims\jni.cpp, line 735]

Events (10 events):
Event: 10.208 Thread 0x000000001b070800 Uncommon trap: trap_request=0xffffffde fr.pc=0x000000000356ff80
Event: 10.208 Thread 0x000000001b070800 DEOPT PACKING pc=0x000000000356ff80 sp=0x000000002205df30
Event: 10.208 Thread 0x000000001b070800 DEOPT UNPACKING pc=0x000000000306582a sp=0x000000002205df00 mode 2
Event: 10.208 Thread 0x000000001b070800 Uncommon trap: trap_request=0xffffffde fr.pc=0x000000000356ff80
Event: 10.208 Thread 0x000000001b070800 DEOPT PACKING pc=0x000000000356ff80 sp=0x000000002205df30
Event: 10.208 Thread 0x000000001b070800 DEOPT UNPACKING pc=0x000000000306582a sp=0x000000002205df00 mode 2
Event: 10.208 loading class java/util/Collections$UnmodifiableList$1
Event: 10.208 loading class java/util/Collections$UnmodifiableList$1 done
Event: 10.209 loading class sun/net/ConnectionResetException
Event: 11.209 loading class sun/net/ConnectionResetException done


Dynamic libraries:
0x00007ff73d370000 - 0x00007ff73d3a7000 	D:\Programs\jdk1.8.0_101\bin\java.exe
0x00007fffa42e0000 - 0x00007fffa448d000 	C:\WINDOWS\SYSTEM32\ntdll.dll
0x00007fffa41a0000 - 0x00007fffa42de000 	C:\WINDOWS\system32\KERNEL32.DLL
0x00007fffa1840000 - 0x00007fffa1955000 	C:\WINDOWS\system32\KERNELBASE.dll
0x00007fff9ff80000 - 0x00007fffa000e000 	C:\WINDOWS\system32\apphelp.dll
0x00007fff91080000 - 0x00007fff910d3000 	C:\WINDOWS\AppPatch\AppPatch64\AcGenral.DLL
0x00007fffa3ec0000 - 0x00007fffa3f6a000 	C:\WINDOWS\system32\msvcrt.dll
0x00007fffa1270000 - 0x00007fffa129e000 	C:\WINDOWS\SYSTEM32\SspiCli.dll
0x00007fffa19a0000 - 0x00007fffa19f4000 	C:\WINDOWS\system32\SHLWAPI.dll
0x00007fffa3880000 - 0x00007fffa39f7000 	C:\WINDOWS\system32\USER32.dll
0x00007fffa3d20000 - 0x00007fffa3eb4000 	C:\WINDOWS\system32\ole32.dll
0x00007fffa2350000 - 0x00007fffa387a000 	C:\WINDOWS\system32\SHELL32.dll
0x00007fffa09e0000 - 0x00007fffa0a01000 	C:\WINDOWS\SYSTEM32\USERENV.dll
0x00007fffa3c70000 - 0x00007fffa3d1a000 	C:\WINDOWS\system32\ADVAPI32.dll
0x00007fff94a80000 - 0x00007fff94a9e000 	C:\WINDOWS\SYSTEM32\MPR.dll
0x00007fffa1e60000 - 0x00007fffa1fa1000 	C:\WINDOWS\system32\RPCRT4.dll
0x00007fffa3b90000 - 0x00007fffa3be9000 	C:\WINDOWS\SYSTEM32\sechost.dll
0x00007fffa3f70000 - 0x00007fffa4181000 	C:\WINDOWS\SYSTEM32\combase.dll
0x00007fffa1fb0000 - 0x00007fffa2100000 	C:\WINDOWS\system32\GDI32.dll
0x00007fffa1430000 - 0x00007fffa1445000 	C:\WINDOWS\SYSTEM32\profapi.dll
0x00007fff9fe70000 - 0x00007fff9ff22000 	C:\WINDOWS\SYSTEM32\SHCORE.dll
0x00007fffa1960000 - 0x00007fffa1996000 	C:\WINDOWS\system32\IMM32.DLL
0x00007fffa1a00000 - 0x00007fffa1b52000 	C:\WINDOWS\system32\MSCTF.dll
0x00007fffa13e0000 - 0x00007fffa1412000 	C:\Windows\system32\nvinitx.dll
0x00007fffa13d0000 - 0x00007fffa13da000 	C:\WINDOWS\SYSTEM32\VERSION.dll
0x00000000571c0000 - 0x00000000571c6000 	C:\Program Files\NVIDIA Corporation\CoProcManager\_etoured.dll
0x00007fff9f950000 - 0x00007fff9f988000 	C:\Program Files\NVIDIA Corporation\CoProcManager\nvd3d9wrapx.dll
0x00007fffa2100000 - 0x00007fffa22da000 	C:\WINDOWS\system32\SETUPAPI.dll
0x00007fffa17f0000 - 0x00007fffa183f000 	C:\WINDOWS\system32\CFGMGR32.dll
0x00007fff9f920000 - 0x00007fff9f944000 	C:\Program Files\NVIDIA Corporation\CoProcManager\nvdxgiwrapx.dll
0x00007fff9eab0000 - 0x00007fff9ed2b000 	C:\WINDOWS\WinSxS\amd64_microsoft.windows.common-controls_6595b64144ccf1df_6.0.9600.18006_none_623f33d3ecbe86e8\COMCTL32.dll
0x0000000052ee0000 - 0x0000000052fb2000 	D:\Programs\jdk1.8.0_101\jre\bin\msvcr100.dll
0x0000000052640000 - 0x0000000052eda000 	D:\Programs\jdk1.8.0_101\jre\bin\server\jvm.dll
0x00007fff843e0000 - 0x00007fff843e9000 	C:\WINDOWS\SYSTEM32\WSOCK32.dll
0x00007fff9dd20000 - 0x00007fff9dd42000 	C:\WINDOWS\SYSTEM32\WINMM.dll
0x00007fffa1e50000 - 0x00007fffa1e57000 	C:\WINDOWS\system32\PSAPI.DLL
0x00007fffa1b80000 - 0x00007fffa1bda000 	C:\WINDOWS\system32\WS2_32.dll
0x00007fff9e0c0000 - 0x00007fff9e0ea000 	C:\WINDOWS\SYSTEM32\WINMMBASE.dll
0x00007fffa4190000 - 0x00007fffa4199000 	C:\WINDOWS\system32\NSI.dll
0x00007fffa01e0000 - 0x00007fffa0208000 	C:\WINDOWS\SYSTEM32\DEVOBJ.dll
0x0000000052630000 - 0x000000005263f000 	D:\Programs\jdk1.8.0_101\jre\bin\verify.dll
0x0000000052600000 - 0x0000000052629000 	D:\Programs\jdk1.8.0_101\jre\bin\java.dll
0x00000000525d0000 - 0x00000000525f3000 	D:\Programs\jdk1.8.0_101\jre\bin\instrument.dll
0x00000000525b0000 - 0x00000000525c6000 	D:\Programs\jdk1.8.0_101\jre\bin\zip.dll
0x00007fff93ef0000 - 0x00007fff93f0a000 	D:\Programs\IntelliJ IDEA Community Edition 2017.3.4\bin\breakgen64.dll
0x0000000052590000 - 0x00000000525aa000 	D:\Programs\jdk1.8.0_101\jre\bin\net.dll
0x00007fffa0cc0000 - 0x00007fffa0d19000 	C:\WINDOWS\system32\mswsock.dll
0x0000000052570000 - 0x0000000052581000 	D:\Programs\jdk1.8.0_101\jre\bin\nio.dll
0x00007fffa0d20000 - 0x00007fffa0d40000 	C:\WINDOWS\SYSTEM32\CRYPTSP.dll
0x00007fffa0870000 - 0x00007fffa08a6000 	C:\WINDOWS\system32\rsaenh.dll
0x00007fffa0f70000 - 0x00007fffa0f96000 	C:\WINDOWS\SYSTEM32\bcrypt.dll
0x00007fffa12b0000 - 0x00007fffa1313000 	C:\WINDOWS\system32\bcryptprimitives.dll
0x00007fffa1320000 - 0x00007fffa132b000 	C:\WINDOWS\SYSTEM32\CRYPTBASE.dll
0x00007fff9b2f0000 - 0x00007fff9b31a000 	C:\WINDOWS\SYSTEM32\IPHLPAPI.DLL
0x00007fff9b2d0000 - 0x00007fff9b2da000 	C:\WINDOWS\SYSTEM32\WINNSI.DLL
0x00007fff9ad60000 - 0x00007fff9ad76000 	C:\WINDOWS\SYSTEM32\dhcpcsvc6.DLL
0x00007fff9af10000 - 0x00007fff9af2a000 	C:\WINDOWS\SYSTEM32\dhcpcsvc.DLL
0x00007fff9cb50000 - 0x00007fff9cb65000 	C:\WINDOWS\system32\napinsp.dll
0x00007fff9cb10000 - 0x00007fff9cb2a000 	C:\WINDOWS\system32\pnrpnsp.dll
0x00007fff9e540000 - 0x00007fff9e55b000 	C:\WINDOWS\system32\NLAapi.dll
0x00007fffa0ac0000 - 0x00007fffa0b64000 	C:\WINDOWS\SYSTEM32\DNSAPI.dll
0x00007fff9cb00000 - 0x00007fff9cb0d000 	C:\WINDOWS\System32\winrnr.dll
0x00007fff9cae0000 - 0x00007fff9caf4000 	C:\WINDOWS\system32\wshbth.dll
0x00007fff971c0000 - 0x00007fff971ca000 	C:\Windows\System32\rasadhlp.dll
0x00007fff9af80000 - 0x00007fff9afeb000 	C:\WINDOWS\System32\fwpuclnt.dll
0x0000000052560000 - 0x000000005256d000 	D:\Programs\jdk1.8.0_101\jre\bin\management.dll
0x0000000052530000 - 0x0000000052554000 	D:\Programs\jdk1.8.0_101\jre\bin\sunec.dll

VM Arguments:
jvm_args: -Dmaven.multiModuleProjectDirectory=D:\Рабочий стол\Учеба\МФТИ (магистратура)\Технотрек\UI автоматизация веб-приложений\Проекты\FinalProject -Dmaven.home=D:\Programs\IntelliJ IDEA Community Edition 2017.3.4\plugins\maven\lib\maven3 -Dclassworlds.conf=D:\Programs\IntelliJ IDEA Community Edition 2017.3.4\plugins\maven\lib\maven3\bin\m2.conf -javaagent:D:\Programs\IntelliJ IDEA Community Edition 2017.3.4\lib\idea_rt.jar=50264:D:\Programs\IntelliJ IDEA Community Edition 2017.3.4\bin -Dfile.encoding=UTF-8 
java_command: org.codehaus.classworlds.Launcher -Didea.version=2017.3.4 -Dtest=Horoscopes_Tests -Dthread.count=1 -DforkCount=0 -Dwebdriver.driver=chrome -Dwebdriver.chrome.driver=D:\ChromeDriver\chromedriver.exe test
java_class_path (initial): D:\Programs\IntelliJ IDEA Community Edition 2017.3.4\plugins\maven\lib\maven3\boot\plexus-classworlds-2.5.2.jar;D:\Programs\IntelliJ IDEA Community Edition 2017.3.4\lib\idea_rt.jar
Launcher Type: SUN_STANDARD

Environment Variables:
PATH=D:\Programs\Anaconda3;D:\Programs\Anaconda3\Library\mingw-w64\bin;D:\Programs\Anaconda3\Library\usr\bin;D:\Programs\allure-2.6.0\bin;D:\Programs\Anaconda3\Library\bin;D:\Programs\Anaconda3\Scripts;C:\ProgramData\Oracle\Java\javapath;D:\Programs\Tiled2Unity;D:\Programs\MATLAB701\bin\win32;C:\Program Files (x86)\NVIDIA Corporation\PhysX\Common;C:\WINDOWS\system32\Npcap;D:\Programs\nodejs\;D:\wamp64\bin\php\php7.0.10;D:\Programs\doxygen\bin;D:\Programs\graphviz-2.38\release\bin;C:\Users\Иван\AppData\Local\GitHubDesktop;C:\Program Files\dotnet\;C:\Program Files\Microsoft SQL Server\130\Tools\Binn\;D:\Programs\Git\cmd;C:\Users\Иван\AppData\Roaming\npm;D:\wamp64\bin\php\php7.0.10;C:\Users\Иван\AppData\Local\GitHubDesktop\bin;D:\Programs\Boot2Docker for Windows
USERNAME=Иван
OS=Windows_NT
PROCESSOR_IDENTIFIER=Intel64 Family 6 Model 60 Stepping 3, GenuineIntel



---------------  S Y S T E M  ---------------

OS: Windows 8.1 , 64 bit Build 9600 (6.3.9600.17415)

CPU:total 8 (4 cores per cpu, 2 threads per core) family 6 model 60 stepping 3, cmov, cx8, fxsr, mmx, sse, sse2, sse3, ssse3, sse4.1, sse4.2, popcnt, avx, avx2, aes, clmul, erms, lzcnt, ht, tsc, tscinvbit, bmi1, bmi2

Memory: 4k page, physical 8302956k(1397004k free), swap 11363140k(2828k free)

vm_info: Java HotSpot(TM) 64-Bit Server VM (25.101-b13) for windows-amd64 JRE (1.8.0_101-b13), built on Jun 22 2016 01:21:29 by "java_re" with MS VC++ 10.0 (VS2010)

time: Fri May 18 13:21:16 2018
elapsed time: 15 seconds (0d 0h 0m 15s)

